.__run_cache__/main.cpp:54:21: warning: missing terminating " character
.__run_cache__/main.cpp:54:21: error: missing terminating " character
.__run_cache__/main.cpp: In function ‘int main()’:
.__run_cache__/main.cpp:50:23: error: expected ‘)’ before ‘;’ token
.__run_cache__/main.cpp:54:19: error: expected primary-expression before ‘)’ token
